<?xml version="1.0" encoding="UTF-8"?>
<!-- Generated by org.testng.reporters.JUnitReportReporter -->
<testsuite hostname="DESKTOP-KB64JHN" failures="0" tests="5" name="com.toolsqa.qa.testcases.ElementTextBoxTest" time="0.979" errors="0" timestamp="2025-06-02T17:24:06 IST" skipped="0">
  <testcase classname="com.toolsqa.qa.testcases.ElementTextBoxTest" name="validateNameInput" time="0.246"/>
  <testcase classname="com.toolsqa.qa.testcases.ElementTextBoxTest" name="validateEmail" time="0.248"/>
  <testcase classname="com.toolsqa.qa.testcases.ElementTextBoxTest" name="validateCurrentAddress" time="0.177"/>
  <testcase classname="com.toolsqa.qa.testcases.ElementTextBoxTest" name="validatePermentAddress" time="0.173"/>
  <testcase classname="com.toolsqa.qa.testcases.ElementTextBoxTest" name="validateSubmitButton" time="0.135"/>
</testsuite> <!-- com.toolsqa.qa.testcases.ElementTextBoxTest -->
