<?xml version="1.0" encoding="UTF-8"?>
<!-- Generated by org.testng.reporters.JUnitReportReporter -->
<testsuite hostname="DESKTOP-KB64JHN" failures="0" tests="1" name="com.toolsqa.qa.testcases.MainPageTest" time="2.976" errors="0" timestamp="2025-04-15T15:11:14 IST" skipped="0">
  <testcase classname="com.toolsqa.qa.testcases.MainPageTest" name="setup" time="2.976"/>
</testsuite> <!-- com.toolsqa.qa.testcases.MainPageTest -->
