<?xml version="1.0" encoding="UTF-8"?>
<!-- Generated by org.testng.reporters.JUnitReportReporter -->
<testsuite hostname="DESKTOP-KB64JHN" failures="0" tests="10" name="com.toolsqa.qa.testcases.ElementsPageTest" time="0.505" errors="0" timestamp="2025-05-30T15:36:06 IST" skipped="0">
  <testcase classname="com.toolsqa.qa.testcases.ElementsPageTest" name="validatePageImage" time="0.074"/>
  <testcase classname="com.toolsqa.qa.testcases.ElementsPageTest" name="validateTextBoxMenu" time="0.030"/>
  <testcase classname="com.toolsqa.qa.testcases.ElementsPageTest" name="validateCheckBoxMenu" time="0.005"/>
  <testcase classname="com.toolsqa.qa.testcases.ElementsPageTest" name="validateRadioButtonMenu" time="0.003"/>
  <testcase classname="com.toolsqa.qa.testcases.ElementsPageTest" name="validateWebTablesMenu" time="0.002"/>
  <testcase classname="com.toolsqa.qa.testcases.ElementsPageTest" name="validateButtonsMenu" time="0.004"/>
  <testcase classname="com.toolsqa.qa.testcases.ElementsPageTest" name="validateLinksMenu" time="0.003"/>
  <testcase classname="com.toolsqa.qa.testcases.ElementsPageTest" name="validateBrokenLinksMenu" time="0.002"/>
  <testcase classname="com.toolsqa.qa.testcases.ElementsPageTest" name="validateUploadDownloadMenu" time="0.002"/>
  <testcase classname="com.toolsqa.qa.testcases.ElementsPageTest" name="validateDynamicPropertiesMenu" time="0.380"/>
</testsuite> <!-- com.toolsqa.qa.testcases.ElementsPageTest -->
