<?xml version="1.0" encoding="UTF-8"?>
<!-- Generated by org.testng.reporters.JUnitReportReporter -->
<testsuite hostname="DESKTOP-KB64JHN" failures="0" tests="1" name="com.toolsqa.qa.testcases.ElementCheckBoxTest" time="0.041" errors="0" timestamp="2025-06-04T16:25:13 IST" skipped="0">
  <testcase classname="com.toolsqa.qa.testcases.ElementCheckBoxTest" name="PageHeader" time="0.041"/>
</testsuite> <!-- com.toolsqa.qa.testcases.ElementCheckBoxTest -->
