<?xml version="1.0" encoding="UTF-8"?>
<!-- Generated by org.testng.reporters.JUnitReportReporter -->
<testsuite hostname="DESKTOP-KB64JHN" failures="0" tests="5" name="com.toolsqa.qa.testcases.ElementTextBoxTest" time="1.119" errors="0" timestamp="2025-06-03T15:56:18 IST" skipped="0">
  <testcase classname="com.toolsqa.qa.testcases.ElementTextBoxTest" name="validateNameInput" time="0.411"/>
  <testcase classname="com.toolsqa.qa.testcases.ElementTextBoxTest" name="validateEmail" time="0.271"/>
  <testcase classname="com.toolsqa.qa.testcases.ElementTextBoxTest" name="validateCurrentAddress" time="0.171"/>
  <testcase classname="com.toolsqa.qa.testcases.ElementTextBoxTest" name="validatePermentAddress" time="0.157"/>
  <testcase classname="com.toolsqa.qa.testcases.ElementTextBoxTest" name="validateSubmitButton" time="0.109"/>
</testsuite> <!-- com.toolsqa.qa.testcases.ElementTextBoxTest -->
