<?xml version="1.0" encoding="UTF-8"?>
<!-- Generated by org.testng.reporters.JUnitReportReporter -->
<testsuite hostname="DESKTOP-KB64JHN" failures="0" tests="3" name="com.toolsqa.qa.testcases.ElementsPageTest" time="0.327" errors="0" timestamp="2025-04-21T13:38:12 IST" skipped="0">
  <testcase classname="com.toolsqa.qa.testcases.ElementsPageTest" name="validatePageImage" time="0.054"/>
  <testcase classname="com.toolsqa.qa.testcases.ElementsPageTest" name="validateTextBoxMenu" time="0.120"/>
  <testcase classname="com.toolsqa.qa.testcases.ElementsPageTest" name="validateCheckBoxMenu" time="0.153"/>
</testsuite> <!-- com.toolsqa.qa.testcases.ElementsPageTest -->
