<?xml version="1.0" encoding="UTF-8"?>
<!-- Generated by org.testng.reporters.JUnitReportReporter -->
<testsuite hostname="DESKTOP-KB64JHN" failures="0" tests="2" name="com.toolsqa.qa.testcases.ElementTextBoxText" time="7.517" errors="0" timestamp="2025-05-30T15:36:36 IST" skipped="0">
  <testcase classname="com.toolsqa.qa.testcases.ElementTextBoxText" name="setup" time="7.117"/>
  <testcase classname="com.toolsqa.qa.testcases.ElementTextBoxText" name="validateNameInput" time="0.400"/>
</testsuite> <!-- com.toolsqa.qa.testcases.ElementTextBoxText -->
