<?xml version="1.0" encoding="UTF-8"?>
<!-- Generated by org.testng.reporters.JUnitReportReporter -->
<testsuite hostname="DESKTOP-KB64JHN" failures="0" tests="4" name="com.toolsqa.qa.testcases.DemoSitePageTest" time="0.616" errors="0" timestamp="2025-04-17T15:39:02 IST" skipped="0">
  <testcase classname="com.toolsqa.qa.testcases.DemoSitePageTest" name="pageTitle" time="0.020"/>
  <testcase classname="com.toolsqa.qa.testcases.DemoSitePageTest" name="pageImage" time="0.042"/>
  <testcase classname="com.toolsqa.qa.testcases.DemoSitePageTest" name="HeaderOfPage" time="0.106"/>
  <testcase classname="com.toolsqa.qa.testcases.DemoSitePageTest" name="ElementsMenu" time="0.448"/>
</testsuite> <!-- com.toolsqa.qa.testcases.DemoSitePageTest -->
