<?xml version="1.0" encoding="UTF-8"?>
<!-- Generated by org.testng.reporters.JUnitReportReporter -->
<testsuite hostname="DESKTOP-KB64JHN" failures="0" tests="3" name="com.toolsqa.qa.testcases.ElementCheckBoxTest" time="0.402" errors="0" timestamp="2025-06-09T17:12:31 IST" skipped="0">
  <testcase classname="com.toolsqa.qa.testcases.ElementCheckBoxTest" name="PageHeader" time="0.038"/>
  <testcase classname="com.toolsqa.qa.testcases.ElementCheckBoxTest" name="expandButtonValidation" time="0.164"/>
  <testcase classname="com.toolsqa.qa.testcases.ElementCheckBoxTest" name="collapseButtonValidation" time="0.200"/>
</testsuite> <!-- com.toolsqa.qa.testcases.ElementCheckBoxTest -->
